<?xml version="1.0" encoding="UTF-8"?>
<!-- Generated by org.testng.reporters.JUnitReportReporter -->
<testsuite hostname="DESKTOP-931JVP2" failures="0" tests="1" name="testCaseRepo.RetryPractise" time="0.023" errors="0" timestamp="2025-02-15T19:50:08 IST" skipped="0">
  <testcase classname="testCaseRepo.RetryPractise" name="Retry" time="0.023"/>
</testsuite> <!-- testCaseRepo.RetryPractise -->
