<?xml version="1.0" encoding="UTF-8"?>
<!-- Generated by org.testng.reporters.JUnitReportReporter -->
<testsuite hostname="DESKTOP-931JVP2" failures="0" tests="1" name="testCaseRepo.TC_002" time="38.726" errors="0" timestamp="2025-02-08T18:02:56 IST" skipped="0">
  <testcase classname="testCaseRepo.TC_002" name="LEAD_002" time="38.726"/>
</testsuite> <!-- testCaseRepo.TC_002 -->
