<?xml version="1.0" encoding="UTF-8"?>
<!-- Generated by org.testng.reporters.JUnitReportReporter -->
<testsuite hostname="DESKTOP-931JVP2" failures="0" tests="1" name="testCaseRepo.TC_001" time="38.528" errors="0" timestamp="2025-02-12T22:35:28 IST" skipped="0">
  <testcase classname="testCaseRepo.TC_001" name="LEAD_001" time="38.528"/>
</testsuite> <!-- testCaseRepo.TC_001 -->
